Main: 
	BioSample File: cryoconite_subset_third100.fastq
	Size of K = 45
Import Viruses: 
	There are 8 viruses in this dataset
Quality Control: 
	# of cleaned reads: 100
	Average read length: 290.13
	Minimum read length: 229
	Maximum read length: 302
Time Stamp: Reads to Kmers finished in 0.02011895179748535
Time Stamp: DeBruijn Graph finished in 0.02360677719116211
Create Contigs: 
	Number of start nodes: 100
	Number of end nodes: 100
	Average contig length: 285.91614906832297
	Total number of contigs: [322]
	Minimum contig length: 179
	Maximum contig length: 333
Time Stamp: Create Contigs finished in 0.11150097846984863
Search For Viruses:

	0 contigs align with D5 
	Virus D5 split time: 62.45679712295532
	Virus: D5 length: 768bp
	0 contigs align with A32 
	Virus A32 split time: 82.7294557094574
	Virus: A32 length: 996bp
	0 contigs align with VLTF3 
	Virus VLTF3 split time: 92.77094006538391
	Virus: VLTF3 length: 1119bp
	0 contigs align with RNAps 
	Virus RNAps split time: 127.23524403572083
	Virus: RNAps length: 1518bp
	0 contigs align with mRNAc 
	Virus mRNAc split time: 151.5143597126007
	Virus: mRNAc length: 1794bp
	0 contigs align with RNR/SFII 
	Virus RNR/SFII split time: 168.5534200668335
	Virus: RNR/SFII length: 1989bp
	0 contigs align with PolB 
	Virus PolB split time: 176.89607405662537
	Virus: PolB length: 2085bp
	0 contigs align with RNApl 
	Virus RNApl split time: 435.1523630619049
	Virus: RNApl length: 5079bp
Time Stamp: Find Viruses finished in 1297.3595461845398
Project execution time: 1297.9477698802948
