Main: 
	BioSample File: biofilm_subset_second50.fastq
	Size of K = 40
Import Viruses: 
	There are 8 viruses in this dataset
Quality Control: 
	# of cleaned reads: 50
	Average read length: 283.22
	Minimum read length: 245
	Maximum read length: 302
Time Stamp: Reads to Kmers finished in 0.01445317268371582
Time Stamp: DeBruijn Graph finished in 0.0030121803283691406
Create Contigs: 
	Number of start nodes: 50
	Number of end nodes: 49
	Average contig length: 277.052734375
	Total number of contigs: [512]
	Minimum contig length: 197
	Maximum contig length: 348
Time Stamp: Create Contigs finished in 0.11911702156066895
Search For Viruses:

	0 contigs align with D5 
	Virus D5 split time: 88.80177402496338
	Virus: D5 length: 768bp
	0 contigs align with A32 
	Virus A32 split time: 116.40172290802002
	Virus: A32 length: 996bp
	0 contigs align with VLTF3 
	Virus VLTF3 split time: 131.2620689868927
	Virus: VLTF3 length: 1119bp
	0 contigs align with RNAps 
	Virus RNAps split time: 179.88622403144836
	Virus: RNAps length: 1518bp
	0 contigs align with mRNAc 
	Virus mRNAc split time: 213.4879822731018
	Virus: mRNAc length: 1794bp
	0 contigs align with RNR/SFII 
	Virus RNR/SFII split time: 237.99755811691284
	Virus: RNR/SFII length: 1989bp
	0 contigs align with PolB 
	Virus PolB split time: 249.09442567825317
	Virus: PolB length: 2085bp
	0 contigs align with RNApl 
	Virus RNApl split time: 613.1878199577332
	Virus: RNApl length: 5079bp
Time Stamp: Find Viruses finished in 1830.1675839424133
Project execution time: 1830.635392665863
