Main: 
	BioSample File: cryoconite_subset_second50.fastq
	Size of K = 35
Import Viruses: 
	There are 8 viruses in this dataset
Quality Control: 
	# of cleaned reads: 50
	Average read length: 290.22
	Minimum read length: 235
	Maximum read length: 301
Time Stamp: Reads to Kmers finished in 0.01450490951538086
Time Stamp: DeBruijn Graph finished in 0.0034003257751464844
Create Contigs: 
	Number of start nodes: 50
	Number of end nodes: 50
	Average contig length: 288.2785714285714
	Total number of contigs: [140]
	Minimum contig length: 235
	Maximum contig length: 340
Time Stamp: Create Contigs finished in 0.052813053131103516
Search For Viruses:

	0 contigs align with D5 
	Virus D5 split time: 23.08303713798523
	Virus: D5 length: 768bp
	0 contigs align with A32 
	Virus A32 split time: 30.347253799438477
	Virus: A32 length: 996bp
	0 contigs align with VLTF3 
	Virus VLTF3 split time: 34.29608082771301
	Virus: VLTF3 length: 1119bp
	0 contigs align with RNAps 
	Virus RNAps split time: 46.33137106895447
	Virus: RNAps length: 1518bp
	0 contigs align with mRNAc 
	Virus mRNAc split time: 55.13342308998108
	Virus: mRNAc length: 1794bp
	0 contigs align with RNR/SFII 
	Virus RNR/SFII split time: 61.18970704078674
	Virus: RNR/SFII length: 1989bp
	0 contigs align with PolB 
	Virus PolB split time: 64.63882780075073
	Virus: PolB length: 2085bp
	0 contigs align with RNApl 
	Virus RNApl split time: 157.7886278629303
	Virus: RNApl length: 5079bp
Time Stamp: Find Viruses finished in 472.838632106781
Project execution time: 473.25043201446533
