Main: 
	BioSample File: biofilm_subset50.fastq
	Size of K = 35
Import Viruses: 
	There are 8 viruses in this dataset
Quality Control: 
	# of cleaned reads: 50
	Average read length: 288.28
	Minimum read length: 238
	Maximum read length: 302
Time Stamp: Reads to Kmers finished in 0.04651069641113281
Time Stamp: DeBruijn Graph finished in 0.003136873245239258
Create Contigs: 
	Number of start nodes: 50
	Number of end nodes: 49
	Average contig length: 291.490022172949
	Total number of contigs: [902]
	Minimum contig length: 213
	Maximum contig length: 360
Time Stamp: Create Contigs finished in 0.18444514274597168
Search For Viruses:

	0 contigs aligns with D5 
	Virus D5 split time: 151.5132179260254
	Virus: D5 length: 768bp
	0 contigs aligns with A32 
	Virus A32 split time: 197.7979381084442
	Virus: A32 length: 996bp
	0 contigs aligns with Chrysochromulina ericina virus; Poxvirus related late transcription factor VLTF3 (N) 
	Virus Chrysochromulina ericina virus; Poxvirus related late transcription factor VLTF3 (N) split time: 223.1634647846222
	Virus: Chrysochromulina ericina virus; Poxvirus related late transcription factor VLTF3 (N) length: 1119bp
	0 contigs aligns with mediator of RNA polymerase II transcription subunit 26 
	Virus mediator of RNA polymerase II transcription subunit 26 split time: 306.4786639213562
	Virus: mediator of RNA polymerase II transcription subunit 26 length: 1518bp
	0 contigs aligns with mRNA-capping enzyme 
	Virus mRNA-capping enzyme split time: 363.65098905563354
	Virus: mRNA-capping enzyme length: 1794bp
	0 contigs aligns with ATP-dependent helicase IRC3 
	Virus ATP-dependent helicase IRC3 split time: 403.578232049942
	Virus: ATP-dependent helicase IRC3 length: 1989bp
	0 contigs aligns with DNA polymerase II 
	Virus DNA polymerase II split time: 422.4942750930786
	Virus: DNA polymerase II length: 2085bp
	0 contigs aligns with DNA-directed RNA polymerase I subunit RPA1 
	Virus DNA-directed RNA polymerase I subunit RPA1 split time: 1036.5056881904602
	Virus: DNA-directed RNA polymerase I subunit RPA1 length: 5079bp
